#Native contacts determine from mask ':2' and mask ':3'
	Setup 104 native contacts:
		Atom ':2@N' to ':3@N'
		Atom ':2@N' to ':3@H'
		Atom ':2@N' to ':3@CA'
		Atom ':2@N' to ':3@HA2'
		Atom ':2@N' to ':3@HA3'
		Atom ':2@N' to ':3@C'
		Atom ':2@N' to ':3@O'
		Atom ':2@H' to ':3@N'
		Atom ':2@H' to ':3@H'
		Atom ':2@H' to ':3@CA'
		Atom ':2@H' to ':3@HA2'
		Atom ':2@H' to ':3@HA3'
		Atom ':2@H' to ':3@C'
		Atom ':2@H' to ':3@O'
		Atom ':2@CA' to ':3@N'
		Atom ':2@CA' to ':3@H'
		Atom ':2@CA' to ':3@CA'
		Atom ':2@CA' to ':3@HA2'
		Atom ':2@CA' to ':3@HA3'
		Atom ':2@CA' to ':3@C'
		Atom ':2@CA' to ':3@O'
		Atom ':2@HA' to ':3@N'
		Atom ':2@HA' to ':3@H'
		Atom ':2@HA' to ':3@CA'
		Atom ':2@HA' to ':3@HA2'
		Atom ':2@HA' to ':3@HA3'
		Atom ':2@HA' to ':3@C'
		Atom ':2@HA' to ':3@O'
		Atom ':2@CB' to ':3@N'
		Atom ':2@CB' to ':3@H'
		Atom ':2@CB' to ':3@CA'
		Atom ':2@CB' to ':3@HA2'
		Atom ':2@CB' to ':3@HA3'
		Atom ':2@CB' to ':3@C'
		Atom ':2@CB' to ':3@O'
		Atom ':2@HB2' to ':3@N'
		Atom ':2@HB2' to ':3@H'
		Atom ':2@HB2' to ':3@CA'
		Atom ':2@HB2' to ':3@HA2'
		Atom ':2@HB2' to ':3@HA3'
		Atom ':2@HB2' to ':3@C'
		Atom ':2@HB2' to ':3@O'
		Atom ':2@HB3' to ':3@N'
		Atom ':2@HB3' to ':3@H'
		Atom ':2@HB3' to ':3@CA'
		Atom ':2@HB3' to ':3@HA2'
		Atom ':2@HB3' to ':3@HA3'
		Atom ':2@HB3' to ':3@C'
		Atom ':2@HB3' to ':3@O'
		Atom ':2@CG' to ':3@N'
		Atom ':2@CG' to ':3@H'
		Atom ':2@CG' to ':3@CA'
		Atom ':2@CG' to ':3@HA2'
		Atom ':2@CG' to ':3@HA3'
		Atom ':2@CG' to ':3@C'
		Atom ':2@HG' to ':3@N'
		Atom ':2@HG' to ':3@H'
		Atom ':2@HG' to ':3@CA'
		Atom ':2@HG' to ':3@HA2'
		Atom ':2@HG' to ':3@HA3'
		Atom ':2@CD1' to ':3@N'
		Atom ':2@CD1' to ':3@H'
		Atom ':2@CD1' to ':3@CA'
		Atom ':2@CD1' to ':3@HA2'
		Atom ':2@CD1' to ':3@HA3'
		Atom ':2@HD11' to ':3@N'
		Atom ':2@HD11' to ':3@H'
		Atom ':2@HD11' to ':3@CA'
		Atom ':2@HD11' to ':3@HA2'
		Atom ':2@HD12' to ':3@N'
		Atom ':2@HD12' to ':3@H'
		Atom ':2@HD13' to ':3@N'
		Atom ':2@HD13' to ':3@H'
		Atom ':2@HD13' to ':3@CA'
		Atom ':2@HD13' to ':3@HA2'
		Atom ':2@HD13' to ':3@HA3'
		Atom ':2@CD2' to ':3@N'
		Atom ':2@CD2' to ':3@H'
		Atom ':2@CD2' to ':3@CA'
		Atom ':2@CD2' to ':3@HA2'
		Atom ':2@HD21' to ':3@N'
		Atom ':2@HD21' to ':3@H'
		Atom ':2@HD21' to ':3@CA'
		Atom ':2@HD21' to ':3@HA2'
		Atom ':2@HD22' to ':3@N'
		Atom ':2@HD22' to ':3@H'
		Atom ':2@HD23' to ':3@N'
		Atom ':2@HD23' to ':3@H'
		Atom ':2@HD23' to ':3@CA'
		Atom ':2@HD23' to ':3@HA2'
		Atom ':2@C' to ':3@N'
		Atom ':2@C' to ':3@H'
		Atom ':2@C' to ':3@CA'
		Atom ':2@C' to ':3@HA2'
		Atom ':2@C' to ':3@HA3'
		Atom ':2@C' to ':3@C'
		Atom ':2@C' to ':3@O'
		Atom ':2@O' to ':3@N'
		Atom ':2@O' to ':3@H'
		Atom ':2@O' to ':3@CA'
		Atom ':2@O' to ':3@HA2'
		Atom ':2@O' to ':3@HA3'
		Atom ':2@O' to ':3@C'
		Atom ':2@O' to ':3@O'
